[12:03:10] [WARNING] mysql_connect: no password specified (F:\Radit Files\Storylines-main\gamemodes\roleplay.pwn:156 -> F:\Radit Files\Storylines-main\pawno\include\realtime-clock.inc:299 -> F:\Radit Files\Storylines-main\pawno\include\Pawn.RakNet.inc:1153 -> F:\Radit Files\Storylines-main\pawno\include\sscanf2.inc:210)
[12:03:25] [WARNING] mysql_connect: no password specified (F:\Radit Files\Storylines-main\gamemodes\roleplay.pwn:156 -> F:\Radit Files\Storylines-main\pawno\include\realtime-clock.inc:299 -> F:\Radit Files\Storylines-main\pawno\include\Pawn.RakNet.inc:1153 -> F:\Radit Files\Storylines-main\pawno\include\sscanf2.inc:210)
[13:27:53] [WARNING] mysql_connect: no password specified (F:\Radit Files\Storylines-main\gamemodes\roleplay.pwn:156 -> F:\Radit Files\Storylines-main\pawno\include\realtime-clock.inc:299 -> F:\Radit Files\Storylines-main\pawno\include\Pawn.RakNet.inc:1153 -> F:\Radit Files\Storylines-main\pawno\include\sscanf2.inc:210)
[14:42:39] [ERROR] error #2013 while executing query "UPDATE vehicles SET VehicleLastDrivers2 = 0, VehicleLastPassengers2 = 0 WHERE VehicleDBID = 0": Lost connection to MySQL server during query (modules\config\savemysql.inc:135 -> modules\vehicles\vehicles_timer.inc:107)
[14:42:39] [ERROR] error #2013 while executing query "UPDATE vehicles SET VehicleRentalTimer = 0, VehicleRental = 0, VehicleImpounded = 0, VehicleImpoundPosX = 0.000000, VehicleImpoundPosY = 0.000000, VehicleImpoundPosZ = 0.000000, VehicleImpoundPosA = 0.000000 WHERE VehicleDBID = 0": Lost connection to MySQL server during query (modules\config\savemysql.inc:125 -> modules\vehicles\vehicles_timer.inc:107)
[14:42:39] [ERROR] error #2013 while executing query "UPDATE vehicles SET VehicleMods6 = 0 WHERE VehicleDBID = 0": Lost connection to MySQL server during query (modules\config\savemysql.inc:143 -> modules\vehicles\vehicles_timer.inc:107)
[14:42:39] [ERROR] error #2013 while executing query "UPDATE vehicles SET VehicleLastDrivers1 = 0, VehicleLastPassengers1 = 0 WHERE VehicleDBID = 0": Lost connection to MySQL server during query (modules\config\savemysql.inc:135 -> modules\vehicles\vehicles_timer.inc:107)
[14:42:39] [ERROR] error #2013 while executing query "UPDATE vehicles SET VehicleMods5 = 0 WHERE VehicleDBID = 0": Lost connection to MySQL server during query (modules\config\savemysql.inc:143 -> modules\vehicles\vehicles_timer.inc:107)
[14:42:39] [ERROR] error #2013 while executing query "UPDATE vehicles SET VehicleLastDrivers3 = 0, VehicleLastPassengers3 = 0 WHERE VehicleDBID = 0": Lost connection to MySQL server during query (modules\config\savemysql.inc:135 -> modules\vehicles\vehicles_timer.inc:107)
[14:42:39] [ERROR] error #2013 while executing query "UPDATE vehicles SET VehicleOwnerDBID = 0, VehicleColor1 = 0, VehicleColor2 = 0, VehiclePaintjob = 0, VehiclePlates = '', VehicleLocked = 0, VehicleSirens = 0, VehicleFuel = 99999.000000 WHERE VehicleDBID = 0": Lost connection to MySQL server during query (modules\config\savemysql.inc:96 -> modules\vehicles\vehicles_timer.inc:107)
[14:42:39] [ERROR] error #2013 while executing query "UPDATE vehicles SET VehicleMods1 = 0 WHERE VehicleDBID = 0": Lost connection to MySQL server during query (modules\config\savemysql.inc:143 -> modules\vehicles\vehicles_timer.inc:107)
[14:42:39] [ERROR] error #2013 while executing query "UPDATE vehicles SET VehicleParkPosX = 1273.046997, VehicleParkPosY = -1557.057617, VehicleParkPosZ = 13.540500, VehicleParkPosA = -91.000000, VehicleParkInterior = 0, VehicleParkWorld = 0 WHERE VehicleDBID = 0": Lost connection to MySQL server during query (modules\config\savemysql.inc:114 -> modules\vehicles\vehicles_timer.inc:107)
[14:42:39] [ERROR] error #2013 while executing query "UPDATE vehicles SET VehicleMods2 = 0 WHERE VehicleDBID = 0": Lost connection to MySQL server during query (modules\config\savemysql.inc:143 -> modules\vehicles\vehicles_timer.inc:107)
[14:42:39] [ERROR] error #2013 while executing query "UPDATE vehicles SET VehicleMods3 = 0 WHERE VehicleDBID = 0": Lost connection to MySQL server during query (modules\config\savemysql.inc:143 -> modules\vehicles\vehicles_timer.inc:107)
[14:42:39] [ERROR] error #2013 while executing query "UPDATE vehicles SET VehicleMods0 = 0 WHERE VehicleDBID = 0": Lost connection to MySQL server during query (modules\config\savemysql.inc:143 -> modules\vehicles\vehicles_timer.inc:107)
[14:42:39] [ERROR] error #2013 while executing query "UPDATE vehicles SET VehicleLastDrivers4 = 0, VehicleLastPassengers4 = 0 WHERE VehicleDBID = 0": Lost connection to MySQL server during query (modules\config\savemysql.inc:135 -> modules\vehicles\vehicles_timer.inc:107)
[14:42:39] [ERROR] error #2013 while executing query "UPDATE vehicles SET VehicleMods7 = 0 WHERE VehicleDBID = 0": Lost connection to MySQL server during query (modules\config\savemysql.inc:143 -> modules\vehicles\vehicles_timer.inc:107)
[14:42:39] [ERROR] error #2013 while executing query "UPDATE vehicles SET VehicleMods4 = 0 WHERE VehicleDBID = 0": Lost connection to MySQL server during query (modules\config\savemysql.inc:143 -> modules\vehicles\vehicles_timer.inc:107)
[14:42:39] [ERROR] error #2013 while executing query "UPDATE vehicles SET VehicleHealth = 1000.000000, VehicleBody = 0, VehicleTire = 0, VehicleTimesDestroyed = 0 WHERE VehicleDBID = 0": Lost connection to MySQL server during query (modules\config\savemysql.inc:104 -> modules\vehicles\vehicles_timer.inc:107)
[14:42:41] [ERROR] error #2002 while executing query "UPDATE vehicles SET VehicleMods13 = 0 WHERE VehicleDBID = 0": Can't connect to MySQL server on '127.0.0.1' (10061) (modules\config\savemysql.inc:143 -> modules\vehicles\vehicles_timer.inc:107)
