[11:37:16] [plugins/mysql] cache_get_value_name_float: field 'BusinessFuelX' not found (modules\business\business.inc:697)
[11:37:16] [plugins/mysql] cache_get_value_name_float: field 'BusinessFuelY' not found (modules\business\business.inc:698)
[11:37:16] [plugins/mysql] cache_get_value_name_float: field 'BusinessFuelZ' not found (modules\business\business.inc:699)
[11:37:16] [plugins/mysql] cache_get_value_name_float: field 'BusinessFuelX' not found (modules\business\business.inc:697)
[11:37:16] [plugins/mysql] cache_get_value_name_float: field 'BusinessFuelY' not found (modules\business\business.inc:698)
[11:37:16] [plugins/mysql] cache_get_value_name_float: field 'BusinessFuelZ' not found (modules\business\business.inc:699)
[11:37:16] [plugins/mysql] cache_get_value_name_float: field 'BusinessFuelX' not found (modules\business\business.inc:697)
[11:37:16] [plugins/mysql] cache_get_value_name_float: field 'BusinessFuelY' not found (modules\business\business.inc:698)
[11:37:16] [plugins/mysql] cache_get_value_name_float: field 'BusinessFuelZ' not found (modules\business\business.inc:699)
[11:37:16] [plugins/mysql] cache_get_value_name_float: field 'BusinessFuelX' not found (modules\business\business.inc:697)
[11:37:16] [plugins/mysql] cache_get_value_name_float: field 'BusinessFuelY' not found (modules\business\business.inc:698)
[11:37:16] [plugins/mysql] cache_get_value_name_float: field 'BusinessFuelZ' not found (modules\business\business.inc:699)
[11:37:16] [plugins/mysql] cache_get_value_name_float: field 'BusinessFuelX' not found (modules\business\business.inc:697)
[11:37:16] [plugins/mysql] cache_get_value_name_float: field 'BusinessFuelY' not found (modules\business\business.inc:698)
[11:37:16] [plugins/mysql] cache_get_value_name_float: field 'BusinessFuelZ' not found (modules\business\business.inc:699)
[11:37:16] [plugins/mysql] cache_get_value_name_float: field 'BusinessFuelX' not found (modules\business\business.inc:697)
[11:37:16] [plugins/mysql] cache_get_value_name_float: field 'BusinessFuelY' not found (modules\business\business.inc:698)
[11:37:16] [plugins/mysql] cache_get_value_name_float: field 'BusinessFuelZ' not found (modules\business\business.inc:699)
[11:42:23] [plugins/mysql] error #1054 while executing query "UPDATE businesses SET BusinessEntranceX = 1154.729980, BusinessEntranceY = -1457.910034, BusinessEntranceZ = 15.796900, BusinessPointX = 1356.050049, BusinessPointY = 1703.780029, BusinessPointZ = 435.079010, BusinessFuelX = 0.000000, BusinessFuelY = 0.000000, BusinessFuelZ = 0.000000 WHERE BusinessDBID = 3": Unknown column 'BusinessFuelX' in 'field list' (modules\config\savemysql.inc:248 -> modules\config\savemysql.inc:32 -> F:\Radit Files\Storylines-main\gamemodes\roleplay.pwn:282 -> F:\Radit Files\Storylines-main\pawno\include\PreviewModelDialog.inc:854)
[11:42:23] [plugins/mysql] error #1054 while executing query "UPDATE businesses SET BusinessEntranceX = 2229.889893, BusinessEntranceY = -1721.250000, BusinessEntranceZ = 13.561200, BusinessPointX = 0.000000, BusinessPointY = 0.000000, BusinessPointZ = 0.000000, BusinessFuelX = 0.000000, BusinessFuelY = 0.000000, BusinessFuelZ = 0.000000 WHERE BusinessDBID = 4": Unknown column 'BusinessFuelX' in 'field list' (modules\config\savemysql.inc:248 -> modules\config\savemysql.inc:32 -> F:\Radit Files\Storylines-main\gamemodes\roleplay.pwn:282 -> F:\Radit Files\Storylines-main\pawno\include\PreviewModelDialog.inc:854)
[11:42:23] [plugins/mysql] error #1054 while executing query "UPDATE businesses SET BusinessEntranceX = 122.384003, BusinessEntranceY = -294.414001, BusinessEntranceZ = 1.578120, BusinessPointX = 1440.390015, BusinessPointY = 1576.000000, BusinessPointZ = 108.427002, BusinessFuelX = 0.000000, BusinessFuelY = 0.000000, BusinessFuelZ = 0.000000 WHERE BusinessDBID = 2": Unknown column 'BusinessFuelX' in 'field list' (modules\config\savemysql.inc:248 -> modules\config\savemysql.inc:32 -> F:\Radit Files\Storylines-main\gamemodes\roleplay.pwn:282 -> F:\Radit Files\Storylines-main\pawno\include\PreviewModelDialog.inc:854)
[11:42:23] [plugins/mysql] error #1054 while executing query "UPDATE businesses SET BusinessEntranceX = 2244.280029, BusinessEntranceY = -1665.540039, BusinessEntranceZ = 15.476600, BusinessPointX = 0.000000, BusinessPointY = 0.000000, BusinessPointZ = 0.000000, BusinessFuelX = 0.000000, BusinessFuelY = 0.000000, BusinessFuelZ = 0.000000 WHERE BusinessDBID = 6": Unknown column 'BusinessFuelX' in 'field list' (modules\config\savemysql.inc:248 -> modules\config\savemysql.inc:32 -> F:\Radit Files\Storylines-main\gamemodes\roleplay.pwn:282 -> F:\Radit Files\Storylines-main\pawno\include\PreviewModelDialog.inc:854)
[11:42:23] [plugins/mysql] error #1054 while executing query "UPDATE businesses SET BusinessEntranceX = 1929.040039, BusinessEntranceY = -1776.160034, BusinessEntranceZ = 13.546900, BusinessPointX = 0.000000, BusinessPointY = 0.000000, BusinessPointZ = 0.000000, BusinessFuelX = 0.000000, BusinessFuelY = 0.000000, BusinessFuelZ = 0.000000 WHERE BusinessDBID = 5": Unknown column 'BusinessFuelX' in 'field list' (modules\config\savemysql.inc:248 -> modules\config\savemysql.inc:32 -> F:\Radit Files\Storylines-main\gamemodes\roleplay.pwn:282 -> F:\Radit Files\Storylines-main\pawno\include\PreviewModelDialog.inc:854)
[11:42:23] [plugins/mysql] error #1054 while executing query "UPDATE businesses SET BusinessEntranceX = -571.926025, BusinessEntranceY = -506.134003, BusinessEntranceZ = 25.523399, BusinessPointX = 1473.959961, BusinessPointY = 1567.979980, BusinessPointZ = 108.376999, BusinessFuelX = 0.000000, BusinessFuelY = 0.000000, BusinessFuelZ = 0.000000 WHERE BusinessDBID = 1": Unknown column 'BusinessFuelX' in 'field list' (modules\config\savemysql.inc:248 -> modules\config\savemysql.inc:32 -> F:\Radit Files\Storylines-main\gamemodes\roleplay.pwn:282 -> F:\Radit Files\Storylines-main\pawno\include\PreviewModelDialog.inc:854)
